\BOOKMARK [1][-]{section.1}{\376\377\000Y\000\352\000u\000\040\000c\036\247\000u\000\040\001\021\036\323\000\040\000\341\000n}{}% 1
\BOOKMARK [1][-]{section.2}{\376\377\000N\036\331\000i\000\040\000d\000u\000n\000g\000\040\000t\000h\036\361\000c\000\040\000h\000i\036\307\000n}{}% 2
\BOOKMARK [2][-]{subsection.2.1}{\376\377\000C\000o\000d\000e\000\040\000c\000\341\000c\000\040\000h\000\340\000m\000\040\000T\000i\036\301\000n\000\040\000x\036\355\000\040\000l\000\375\000\040\000d\036\357\000\040\000l\000i\036\307\000u}{section.2}% 3
\BOOKMARK [3][-]{subsubsection.2.1.1}{\376\377\000L\000o\036\241\000i\000\040\000b\036\317\000\040\000c\000\341\000c\000\040\000m\000\343\000\040\000H\000T\000M\000L\000\040\000r\000a\000\040\000k\000h\036\317\000i\000\040\000v\001\003\000n\000\040\000b\036\243\000n\000.}{subsection.2.1}% 4
\BOOKMARK [3][-]{subsubsection.2.1.2}{\376\377\000L\000o\036\241\000i\000\040\000b\036\317\000\040\000t\036\245\000t\000\040\000c\036\243\000\040\000c\000\341\000c\000\040\000k\000\375\000\040\000t\036\361\000\040\000k\000h\000\364\000n\000g\000\040\000p\000h\036\243\000i\000\040\000l\000\340\000\040\000c\000h\036\357\000\040\000c\000\341\000i\000\040\000h\000o\036\267\000c\000\040\000s\036\321}{subsection.2.1}% 5
\BOOKMARK [3][-]{subsubsection.2.1.3}{\376\377\000H\000\340\000m\000\040\000c\000h\000u\036\251\000n\000\040\000h\000\363\000a\000\040\000v\036\301\000\040\000k\000i\036\303\000u\000\040\000c\000h\036\357\000\040\000t\000h\001\260\036\335\000n\000g}{subsection.2.1}% 6
\BOOKMARK [3][-]{subsubsection.2.1.4}{\376\377\000H\000\340\000m\000\040\000l\000o\036\241\000i\000\040\000b\036\317\000\040\000k\000h\000o\036\243\000n\000g\000\040\000t\000r\036\257\000n\000g\000\040\000t\000h\036\353\000a}{subsection.2.1}% 7
\BOOKMARK [3][-]{subsubsection.2.1.5}{\376\377\000H\000\340\000m\000\040\000c\000h\000u\036\251\000n\000\040\000h\000o\000\341\000\040\000d\036\245\000u\000\040\000t\000h\000a\000n\000h}{subsection.2.1}% 8
\BOOKMARK [3][-]{subsubsection.2.1.6}{\376\377\000H\000\340\000m\000\040\000d\000\371\000n\000g\000\040\001\021\036\303\000\040\000t\000\341\000c\000h\000\040\000t\036\353}{subsection.2.1}% 9
\BOOKMARK [3][-]{subsubsection.2.1.7}{\376\377\000H\000\340\000m\000\040\000c\000h\000u\036\251\000n\000\040\000h\000o\000\341\000\040\000u\000n\000i\000c\000o\000d\000e}{subsection.2.1}% 10
\BOOKMARK [3][-]{subsubsection.2.1.8}{\376\377\000H\000\340\000m\000\040\000l\000o\036\241\000i\000\040\000b\036\317\000\040\000t\036\353\000\040\000d\036\353\000n\000g}{subsection.2.1}% 11
\BOOKMARK [3][-]{subsubsection.2.1.9}{\376\377\000H\000\340\000m\000\040\000c\000h\000u\036\251\000n\000\040\000h\000o\000\341\000\040\000d\036\245\000u\000\040\000c\000\342\000u}{subsection.2.1}% 12
\BOOKMARK [3][-]{subsubsection.2.1.10}{\376\377\000H\000\340\000m\000\040\000t\000\341\000c\000h\000\040\000c\000\342\000u}{subsection.2.1}% 13
\BOOKMARK [3][-]{subsubsection.2.1.11}{\376\377\000H\000\340\000m\000\040\000t\036\325\000n\000g\000\040\000h\036\343\000p\000\040\001\021\036\303\000\040\000t\000i\036\301\000n\000\040\000x\036\355\000\040\000l\000\375\000\040\000v\001\003\000n\000\040\000b\036\243\000n}{subsection.2.1}% 14
\BOOKMARK [2][-]{subsection.2.2}{\376\377\000A\000P\000I}{section.2}% 15
\BOOKMARK [3][-]{subsubsection.2.2.1}{\376\377\000C\000\341\000c\000\040\000t\000h\000a\000m\000\040\000s\036\321\000\040\000A\000P\000I\000:}{subsection.2.2}% 16
\BOOKMARK [3][-]{subsubsection.2.2.2}{\376\377\000P\000h\036\247\000n\000\040\000c\000o\000d\000e\000\040\000c\000h\000o\000\040\000h\000\340\000m\000\040\000t\036\241\000o\000\040\000A\000P\000I}{subsection.2.2}% 17
\BOOKMARK [2][-]{subsection.2.3}{\376\377\000G\000U\000I}{section.2}% 18
\BOOKMARK [3][-]{subsubsection.2.3.1}{\376\377\000G\000i\036\243\000i\000\040\000t\000h\000\355\000c\000h\000\040\000v\036\301\000\040\000g\000i\000a\000o\000\040\000d\000i\036\307\000n\000\040\000x\036\355\000\040\000l\000\375\000\040\000v\001\003\000n\000\040\000b\036\243\000n\000\040\000b\036\261\000n\000g\000\040\000S\000t\000r\000e\000a\000m\000l\000i\000t}{subsection.2.3}% 19
\BOOKMARK [3][-]{subsubsection.2.3.2}{\376\377\000C\000o\000d\000e\000\040\000g\000i\000a\000o\000\040\000d\000i\036\307\000n\000\040\000x\036\355\000\040\000l\000\375\000\040\000v\001\003\000n\000\040\000b\036\243\000n\000\040\000s\036\355\000\040\000d\036\345\000n\000g\000\040\000S\000t\000r\000e\000a\000m\000l\000i\000t}{subsection.2.3}% 20
